1

2018-11-21 13:41:05
App\Http\Controllers\API\UserController
tests

1

2018-11-21 13:42:06
App\Http\Controllers\API\UserController
tests

[["Same value1"],["same Value 2"]]
[["Same value one"],["Same value two"]]
2018-11-21 13:44:37
App\Http\Controllers\API\UserController
tests

[["Same value1"],["same Value 2"]]
[["Same value one"],["Same value two"]]
2018-11-21 13:46:15
App\Http\Controllers\API\UserController
tests

[["Same value1"],["same Value 2"]]
[["Same value one"],["Same value two"]]
2018-11-21 13:46:16
App\Http\Controllers\API\UserController
tests

